C:\Program Files (x86)\GnuWin32\bin\make.exe all --print-data-base --no-builtin-variables --no-builtin-rules --question
# GNU Make 3.81
# Copyright (C) 2006  Free Software Foundation, Inc.
# This is free software; see the source for copying conditions.
# There is NO warranty; not even for MERCHANTABILITY or FITNESS FOR A
# PARTICULAR PURPOSE.

# This program built for i386-pc-mingw32
 

# Make data base, printed on Sat Sep 11 09:13:08 2021

# Variables

# automatic
<D = $(patsubst %/,%,$(dir $<))
# automatic
?F = $(notdir $?)
# environment
VIRTUALC = C:\Program Files\VirtualC\Virtual-C IDE\
# environment
CARBON_MEM_DISABLE = 1
# makefile
MAKEFLAGS = Rrqp
# environment
VSCODE_LOG_NATIVE = false
# automatic
?D = $(patsubst %/,%,$(dir $?))
# automatic
@D = $(patsubst %/,%,$(dir $@))
# environment
HOMEDRIVE = C:
# automatic
@F = $(notdir $@)
# automatic
^D = $(patsubst %/,%,$(dir $^))
# makef 
ile
CURDIR := c:/Users/campb/Documents/pocket_league/pocket_league
# default
SHELL := sh.exe
# environment
WINDIR = C:\WINDOWS
# environment
VSCODE_NLS_CONFIG = {"locale":"en-us","availableLanguages":{},"_languagePackSupport":true}
# environment
VBOX_MSI_INSTALL_PATH = C:\Program Files\Oracle\VirtualBox\
# environment
ONEDRIVE = C:\Users\campb\OneDrive
# environment
PATHEXT = .COM;.EXE;.BAT;.CMD;.VBS;.VBE;.JS;.JSE;.WSF;.WSH;.MSC
# makefile (from `makefile', line 1)
MAKEFILE_LIST :=  makefile
# environment
TMP = C:\Users\campb\AppData\Local\Temp
# environment
VSCODE_VERBOSE_LOGGING = true
# environment
PROGRAMW6432 = C:\Program Files
# environment
PROGRAMDATA = C:\ProgramData
# environment
VSCODE_IPC_HOOK_EXTHOST = \\.\pipe\vscode-ipc-1f1831ee-3188-4170-96c9-988e13964c58-sock
# environment
VSCODE_CWD = C:\Users\campb\AppData\Local\Programs\Microsoft VS Code
# environment
PATH = C:\Program Files (x86)\Common Files\Oracle\Java\javapath;C:\WINDOWS\system32;C:\WINDOWS;C:\WINDOWS\System32\Wbem;C:\WINDOWS\System32\WindowsPowerShell\v1.0\;C:\WINDOWS\System32\OpenSSH\;C:\Program Files (x86)\Intel\Intel(R) Management Engine Components\DAL;C:\Program Files\Intel\Intel(R) Management Engine Components\DAL;C:\Program Files\MATLAB\R2019b\bin;C:\Program Files\MATLAB\R2013a\runtime\win64;C:\Program Files\MATLAB\R2013a\bin;C:\Program Files\TortoiseSVN\bin;C:\Program Files\Java\jdk-14.0.2\bin;C:\Program Files (x86)\Pololu\USB AVR Programmer v2\bin;C:\Program Files\PuTTY\;C:\Program Files\SlikSvn\bin;C:\Program Files\Git\cmd;C:\Users\campb\AppData\Local\Microsoft\WindowsApps;C:\Users\campb\AppData\Local\Programs\MiKTeX\miktex\bin\x64\;C:\Users\campb\AppData\Local\Programs\Microsoft VS Code\bin;C:\Users\campb\AppData\Local\GitHubDesktop\bin
# environment
COMMONPROGRAMW6432 = C:\Program Files\Common Files
# environment
PROCESSOR_ARCHITECTURE = x86
# environment
USERPROFILE = C:\Users\campb
# environment
ALLUSERSPROFILE = C:\ProgramData
# environment
VSCODE_LOG_STACK = false
# environment
NUMBER_OF_PROCESSORS = 8
# environment
ELECTRON 
_RUN_AS_NODE = 1
# default
.FEATURES := target-specific order-only second-expansion else-if archives
# automatic
%F = $(notdir $%)
# environment
GBDK = C:\Users\campb\Documents\gbdk-2020-develop
# environment
CHROME_CRASHPAD_PIPE_NAME = \\.\pipe\crashpad_24736_LGQVVTMFUKHMSKDB
# environment
VSCODE_PIPE_LOGGING = true
# environment
COMPUTERNAME = DESKTOP-8DUARV3
# environment
PROGRAMFILES = C:\Program Files (x86)
# environment
DRIVERDATA = C:\Windows\System32\Drivers\DriverData
# environment
ORIGINAL_XDG_CURRENT_DESKTOP = undefined
# environment
USERNAME = campb
# environment
PUBLIC = C:\Users\Public
# environment
VSCODE_AMD_ENTRYPOINT = vs/workbench/services/extensions/node/extensionHostProcess
# environment
VSCODE_CODE_CACHE_PATH = C:\Users\campb\AppData\Roaming\Code\CachedData\e7d7e9a9348e6a8cc8c03f877d39cb72e5dfb1ff
# environment
APPLICATION_INSIGHTS_NO_DIAGNOSTIC_CHANNEL = true
# environment
COMMONPROGRAMFILES = C:\Program Files (x86)\Common Files
# environment
LOGONSERVER = \\DESKTOP-8DUARV3
# environmen 
t
ONEDRIVECONSUMER = C:\Users\campb\OneDrive
# environment
VSCODE_HANDLES_UNCAUGHT_ERRORS = true
# environment
USERDOMAIN = DESKTOP-8DUARV3
# default
MAKE = $(MAKE_COMMAND)
# default
MAKECMDGOALS := all
# default
MAKE_VERSION := 3.81
# makefile
.DEFAULT_GOAL := all
# environment
PROGRAMFILES(X86) = C:\Program Files (x86)
# automatic
%D = $(patsubst %/,%,$(dir $%))
# environment
LOCALAPPDATA = C:\Users\campb\AppData\Local
# environment
PSMODULEPATH = C:\Program Files\WindowsPowerShell\Modules;C:\WINDOWS\syst 
em32\WindowsPowerShell\v1.0\Modules
# default
MAKE_COMMAND := C:/Program Files (x86)/GnuWin32/bin/make
# environment
PROCESSOR_ARCHITEW6432 = AMD64
# default
.VARIABLES := 
# automatic
*F = $(notdir $*)
# environment
PROCESSOR_IDENTIFIER = Intel64 Family 6 Model 142 Stepping 10, GenuineIntel
# environment
OS = Windows_NT
# environment
VSCODE_IPC_HOOK = \\.\pipe\7112ecd690805e2c99a55753fac40715-1.60.0-main-sock
# environment
HOMEPATH = \Users\campb
# environment
COMMONPROGRAMFILES(X86) = C:\Program Files (x8 
6)\Common Files
# environment
PROMPT = $P$G
# environment
MFLAGS = -Rrqp
# automatic
*D = $(patsubst %/,%,$(dir $*))
# environment
SYSTEMROOT = C:\WINDOWS
# automatic
+D = $(patsubst %/,%,$(dir $+))
# automatic
+F = $(notdir $+)
# environment
APPDATA = C:\Users\campb\AppData\Roaming
# environment
TEMP = C:\Users\campb\AppData\Local\Temp
# environment
COMSPEC = C:\WINDOWS\system32\cmd.exe
# default
MAKEFILES := 
# automatic
<F = $(notdir $<)
# environment
LC_ALL = C
# automatic
^F = $(notdir $^)
# default
SU 
FFIXES := 
# environment
SYSTEMDRIVE = C:
# environment
SESSIONNAME = Console
# environment
PROCESSOR_REVISION = 8e0a
# environment
MAKELEVEL := 0
# environment
LANG = C
# environment
PROCESSOR_LEVEL = 6
# environment
VSCODE_PID = 24736
# environment
USERDOMAIN_ROAMINGPROFILE = DESKTOP-8DUARV3
# variable set hash-table stats:
# Load=91/1024=9%, Rehash=0, Collisions=9/113=8%

# Pattern-specific Variable Values

# No pattern-specific variable values.

# Directories

# C:\Program Files\MATLAB\R2019b\bin (key C 
:/Program Files/MATLAB/R2019b/bin, mtime 1582768245): 13 files, no impossibilities.
# C:\Program Files\SlikSvn\bin (key C:/Program Files/SlikSvn/bin, mtime 1602773707): 32 files, no impossibilities.
# C:\Program Files\MATLAB\R2013a\bin (key C:/Program Files/MATLAB/R2013a/bin, mtime 1582632976): 23 files, no impossibilities.
# C:\Users\campb\AppData\Local\Programs\MiKTeX\miktex\bin\x64\ (key C:/Users/campb/AppData/Local/Programs/MiKTeX/miktex/bin/x64/, mtime 1598179412): 663 files, no impossibilities.
# C:\W 
INDOWS\System32\WindowsPowerShell\v1.0\ (key C:/WINDOWS/System32/WindowsPowerShell/v1.0/, mtime 1604325974): 31 files, no impossibilities.
# C:\WINDOWS\System32\Wbem (key C:/WINDOWS/System32/Wbem, mtime 1627987204): 155 files, no impossibilities.
# . (key c:/Users/campb/Documents/pocket_league/pocket_league, mtime 1631313631): 10 files, no impossibilities.
# C:\Users\campb\AppData\Local\GitHubDesktop\bin (key C:/Users/campb/AppData/Local/GitHubDesktop/bin, mtime 1631263879): 4 files, no impossibilities.
# C 
:\Users\campb\AppData\Local\Microsoft\WindowsApps (key C:/Users/campb/AppData/Local/Microsoft/WindowsApps, mtime 1630542012): 14 files, no impossibilities.
# C:\Program Files\TortoiseSVN\bin (key C:/Program Files/TortoiseSVN/bin, mtime 1602772745): 73 files, no impossibilities.
# C:\Program Files\MATLAB\R2013a\runtime\win64 (key C:/Program Files/MATLAB/R2013a/runtime/win64, mtime 1582632958): 3 files, no impossibilities.
# C:\WINDOWS\System32\OpenSSH\: could not be stat'd.
# C:\Program Files\PuTTY\ (key C:/ 
Program Files/PuTTY/, mtime 1602583044): 12 files, no impossibilities.
# C:\Program Files (x86)\Common Files\Oracle\Java\javapath (key C:/Program Files (x86)/Common Files/Oracle/Java/javapath, mtime 1597825202): 5 files, no impossibilities.
# C:\Program Files\Intel\Intel(R) Management Engine Components\DAL (key C:/Program Files/Intel/Intel(R) Management Engine Components/DAL, mtime 1579118795): 4 files, no impossibilities.
# C:\WINDOWS (key C:/WINDOWS, mtime 1629894129): 138 files, no impossibilities.
# C:\ 
Program Files\Git\cmd (key C:/Program Files/Git/cmd, mtime 1630900052): 8 files, no impossibilities.
# C:\WINDOWS\system32 (key C:/WINDOWS/system32, mtime 1629894712): 2835 files, no impossibilities.
# C:\Users\campb\AppData\Local\Programs\Microsoft VS Code\bin (key C:/Users/campb/AppData/Local/Programs/Microsoft VS Code/bin, mtime 1631263740): 4 files, no impossibilities.
# C:\Program Files (x86)\Pololu\USB AVR Programmer v2\bin (key C:/Program Files (x86)/Pololu/USB AVR Programmer v2/bin, mtime 1600248191 
): 4 files, no impossibilities.
# C:\Program Files (x86)\Intel\Intel(R) Management Engine Components\DAL (key C:/Program Files (x86)/Intel/Intel(R) Management Engine Components/DAL, mtime 1579118795): 10 files, no impossibilities.
# C:\Program Files\Java\jdk-14.0.2\bin (key C:/Program Files/Java/jdk-14.0.2/bin, mtime 1598680448): 125 files, no impossibilities.

# 4166 files, no impossibilities in 22 directories.

# Implicit Rules

# No implicit rules.

# Files

all:
#  Command-line target.
#  Implicit rule search has not been done.
#  Implicit/static pattern stem: `'
#  File does not exist.
#  File has been updated.
#  Needs to be updated (-q is set).
# automatic
# @ := all
# automatic
# % := 
# automatic
# * := 
# automatic
# + := 
# automatic
# | := 
# automatic
# < := 
# automatic
# ^ := 
# automatic
# ? := 
# variable set hash-table stats:
# Load=8/32=25%, Rehash=0, Collisions=1/10=10%
#  commands to execute (from `makefile', line 2):
	../../gbdk/bin/lcc -Wa-l -Wl-m -Wl-j -c -o main.o main.c
	../../gbdk/b 
in/lcc -Wa-l -Wl-m -Wl-j -o main.gb main.o
	

# Not a target:
.DEFAULT:
#  Implicit rule search has not been done.
#  Modification time never checked.
#  File has not been updated.

# Not a target:
makefile:
#  Implicit rule search has been done.
#  Last modified 2021-09-10 19:18:53
#  File has been updated.
#  Successfully updated.
# variable set hash-table stats:
# Load=0/32=0%, Rehash=0, Collisions=0/0=0%

# Not a target:
.SUFFIXES:
#  Implicit rule search has not been done.
#  Modification time never checked.
#  File has not been updated.

# files hash-table stats:
# Load=4/1024=0%, Rehash=0, Collisions=0/17=0%
# VPATH Search Paths

# No `vpath' search paths.

# No general (`VPATH' variable) search path.

# # of strings in strcache: 1
# # of strcache buffers: 1
# strcache size: total = 4096 / max = 4096 / min = 4096 / avg = 4096
# strcache free: total = 4087 / max = 4087 / min = 4087 / avg = 4087

# Finished Make data base on Sat Sep 11 09:13:08 2021

 
